<?xml version="1.0" encoding="UTF-8"?>
<!-- Generated by org.testng.reporters.JUnitXMLReporter -->
<testsuite ignored="0" hostname="LAPTOP-HHUMO6R2" failures="0" tests="3" name="Default test" time="52.176" errors="0" timestamp="2020-12-29T20:20:11 IST">
  <testcase classname="com.selenium.tests.homePageTest" name="checkBoxTest" time="7.56"/>
  <testcase classname="com.selenium.tests.homePageTest" name="checkHomePageToggle" time="2.112"/>
  <testcase classname="com.selenium.tests.homePageTest" name="enterMessage" time="7.846"/>
</testsuite> <!-- Default test -->
