<?xml version="1.0" encoding="UTF-8"?>
<!-- Generated by org.testng.reporters.JUnitXMLReporter -->
<testsuite ignored="2" hostname="LAPTOP-HHUMO6R2" failures="0" tests="1" name="Default test" time="14.099" errors="0" timestamp="2021-01-03T19:48:52 IST">
  <testcase classname="com.selenium.tests.homePageTest" name="checkHomePageToggle" time="2.234"/>
  <testcase classname="com.selenium.tests.homePageTest" name="checkBoxTest" time="0.0">
    <ignored/>
  </testcase> <!-- checkBoxTest -->
  <testcase classname="com.selenium.tests.homePageTest" name="enterMessage" time="0.0">
    <ignored/>
  </testcase> <!-- enterMessage -->
</testsuite> <!-- Default test -->
