<?xml version="1.0" encoding="UTF-8"?>
<testng-results ignored="0" total="3" passed="3" failed="0" skipped="0">
  <reporter-output>
  </reporter-output>
  <suite started-at="2020-12-29T20:19:19 IST" name="Default suite" finished-at="2020-12-29T20:20:11 IST" duration-ms="52176">
    <groups>
    </groups>
    <test started-at="2020-12-29T20:19:19 IST" name="Default test" finished-at="2020-12-29T20:20:11 IST" duration-ms="52176">
      <class name="com.selenium.tests.homePageTest">
        <test-method is-config="true" signature="initialization()[pri:0, instance:com.selenium.tests.homePageTest@4944252c]" started-at="2020-12-29T20:19:19 IST" name="initialization" finished-at="2020-12-29T20:19:31 IST" duration-ms="11764" status="PASS">
          <reporter-output>
          </reporter-output>
        </test-method> <!-- initialization -->
        <test-method signature="checkBoxTest()[pri:0, instance:com.selenium.tests.homePageTest@4944252c]" started-at="2020-12-29T20:19:31 IST" name="checkBoxTest" finished-at="2020-12-29T20:19:39 IST" duration-ms="7560" status="PASS">
          <reporter-output>
          </reporter-output>
        </test-method> <!-- checkBoxTest -->
        <test-method is-config="true" signature="tearDown()[pri:0, instance:com.selenium.tests.homePageTest@4944252c]" started-at="2020-12-29T20:19:39 IST" name="tearDown" finished-at="2020-12-29T20:19:39 IST" duration-ms="78" status="PASS">
          <reporter-output>
          </reporter-output>
        </test-method> <!-- tearDown -->
        <test-method is-config="true" signature="initialization()[pri:0, instance:com.selenium.tests.homePageTest@4944252c]" started-at="2020-12-29T20:19:39 IST" name="initialization" finished-at="2020-12-29T20:19:50 IST" duration-ms="11142" status="PASS">
          <reporter-output>
          </reporter-output>
        </test-method> <!-- initialization -->
        <test-method signature="checkHomePageToggle()[pri:0, instance:com.selenium.tests.homePageTest@4944252c]" started-at="2020-12-29T20:19:50 IST" name="checkHomePageToggle" finished-at="2020-12-29T20:19:52 IST" duration-ms="2112" status="PASS">
          <reporter-output>
          </reporter-output>
        </test-method> <!-- checkHomePageToggle -->
        <test-method is-config="true" signature="tearDown()[pri:0, instance:com.selenium.tests.homePageTest@4944252c]" started-at="2020-12-29T20:19:52 IST" name="tearDown" finished-at="2020-12-29T20:19:52 IST" duration-ms="87" status="PASS">
          <reporter-output>
          </reporter-output>
        </test-method> <!-- tearDown -->
        <test-method is-config="true" signature="initialization()[pri:0, instance:com.selenium.tests.homePageTest@4944252c]" started-at="2020-12-29T20:19:52 IST" name="initialization" finished-at="2020-12-29T20:20:03 IST" duration-ms="11472" status="PASS">
          <reporter-output>
          </reporter-output>
        </test-method> <!-- initialization -->
        <test-method signature="enterMessage()[pri:0, instance:com.selenium.tests.homePageTest@4944252c]" started-at="2020-12-29T20:20:03 IST" name="enterMessage" finished-at="2020-12-29T20:20:11 IST" duration-ms="7846" status="PASS">
          <reporter-output>
          </reporter-output>
        </test-method> <!-- enterMessage -->
        <test-method is-config="true" signature="tearDown()[pri:0, instance:com.selenium.tests.homePageTest@4944252c]" started-at="2020-12-29T20:20:11 IST" name="tearDown" finished-at="2020-12-29T20:20:11 IST" duration-ms="78" status="PASS">
          <reporter-output>
          </reporter-output>
        </test-method> <!-- tearDown -->
      </class> <!-- com.selenium.tests.homePageTest -->
    </test> <!-- Default test -->
  </suite> <!-- Default suite -->
</testng-results>
