<?xml version="1.0" encoding="UTF-8"?>
<testng-results ignored="2" total="3" passed="1" failed="0" skipped="0">
  <reporter-output>
  </reporter-output>
  <suite started-at="2021-01-03T19:48:38 IST" name="Default suite" finished-at="2021-01-03T19:48:52 IST" duration-ms="14099">
    <groups>
    </groups>
    <test started-at="2021-01-03T19:48:38 IST" name="Default test" finished-at="2021-01-03T19:48:52 IST" duration-ms="14099">
      <class name="com.selenium.tests.homePageTest">
        <test-method is-config="true" signature="initialization()[pri:0, instance:com.selenium.tests.homePageTest@b62d79]" started-at="2021-01-03T19:48:38 IST" name="initialization" finished-at="2021-01-03T19:48:50 IST" duration-ms="11725" status="PASS">
          <reporter-output>
          </reporter-output>
        </test-method> <!-- initialization -->
        <test-method signature="checkHomePageToggle()[pri:0, instance:com.selenium.tests.homePageTest@b62d79]" started-at="2021-01-03T19:48:50 IST" name="checkHomePageToggle" finished-at="2021-01-03T19:48:52 IST" duration-ms="2234" status="PASS">
          <reporter-output>
          </reporter-output>
        </test-method> <!-- checkHomePageToggle -->
        <test-method is-config="true" signature="tearDown()[pri:0, instance:com.selenium.tests.homePageTest@b62d79]" started-at="2021-01-03T19:48:52 IST" name="tearDown" finished-at="2021-01-03T19:48:52 IST" duration-ms="104" status="PASS">
          <reporter-output>
          </reporter-output>
        </test-method> <!-- tearDown -->
      </class> <!-- com.selenium.tests.homePageTest -->
    </test> <!-- Default test -->
  </suite> <!-- Default suite -->
</testng-results>
